Build started 24.12.2013 16:44:27.
     1>Project "C:\Users\Admin\Desktop\Домашняя работа №4\Task 4.2 Hash-Table\Task 4.2 Hash-Table\Task 4.2 Hash-Table.vcxproj" on node 2 (build target(s)).
     1>InitializeBuildStatus:
         Creating "Debug\Task 4.2 Hash-Table.unsuccessfulbuild" because "AlwaysCreate" was specified.
       ClCompile:
         All outputs are up-to-date.
         d:\C++\С++\VC\bin\CL.exe /c /ZI /nologo /W3 /WX- /Od /Oy- /D WIN32 /D _DEBUG /D _CONSOLE /D _UNICODE /D UNICODE /Gm /EHsc /RTC1 /MDd /GS /fp:precise /Zc:wchar_t /Zc:forScope /Yu"StdAfx.h" /Fp"Debug\Task 4.2 Hash-Table.pch" /Fo"Debug\\" /Fd"Debug\vc100.pdb" /Gd /TP /analyze- /errorReport:prompt "Task 4.2 Hash-Table.cpp"
         Task 4.2 Hash-Table.cpp
       ManifestResourceCompile:
         All outputs are up-to-date.
       Link:
         d:\C++\С++\VC\bin\link.exe /ERRORREPORT:PROMPT /OUT:"C:\Users\Admin\Desktop\Домашняя работа №4\Task 4.2 Hash-Table\Debug\Task 4.2 Hash-Table.exe" /INCREMENTAL /NOLOGO kernel32.lib user32.lib gdi32.lib winspool.lib comdlg32.lib advapi32.lib shell32.lib ole32.lib oleaut32.lib uuid.lib odbc32.lib odbccp32.lib /MANIFEST /ManifestFile:"Debug\Task 4.2 Hash-Table.exe.intermediate.manifest" /MANIFESTUAC:"level='asInvoker' uiAccess='false'" /DEBUG /PDB:"C:\Users\Admin\Desktop\Домашняя работа №4\Task 4.2 Hash-Table\Debug\Task 4.2 Hash-Table.pdb" /SUBSYSTEM:CONSOLE /TLBID:1 /DYNAMICBASE /NXCOMPAT /IMPLIB:"C:\Users\Admin\Desktop\Домашняя работа №4\Task 4.2 Hash-Table\Debug\Task 4.2 Hash-Table.lib" /MACHINE:X86 "Debug\Task 4.2 Hash-Table.exe.embed.manifest.res"
         Debug\hash.obj
         Debug\list.obj
         Debug\stdafx.obj
         Debug\strings.obj
         "Debug\Task 4.2 Hash-Table.obj"
       Manifest:
         C:\Program Files (x86)\Microsoft SDKs\Windows\v7.0A\bin\mt.exe /nologo /verbose /out:"Debug\Task 4.2 Hash-Table.exe.embed.manifest" /manifest "Debug\Task 4.2 Hash-Table.exe.intermediate.manifest"
         All outputs are up-to-date.
       LinkEmbedManifest:
         All outputs are up-to-date.
         Task 4.2 Hash-Table.vcxproj -> C:\Users\Admin\Desktop\Домашняя работа №4\Task 4.2 Hash-Table\Debug\Task 4.2 Hash-Table.exe
       FinalizeBuildStatus:
         Deleting file "Debug\Task 4.2 Hash-Table.unsuccessfulbuild".
         Touching "Debug\Task 4.2 Hash-Table.lastbuildstate".
     1>Done Building Project "C:\Users\Admin\Desktop\Домашняя работа №4\Task 4.2 Hash-Table\Task 4.2 Hash-Table\Task 4.2 Hash-Table.vcxproj" (build target(s)).

Build succeeded.

Time Elapsed 00:00:00.98
